# JRE version: OpenJDK Runtime Environment (20.0+36) (build 20+36-2344)
# Java VM: OpenJDK 64-Bit Server VM (20+36-2344, mixed mode, sharing, tiered, compressed oops, compressed class ptrs, g1 gc, windows-amd64)
GC Precious Log:
 CardTable entry size: 512
 Card Set container configuration: InlinePtr #cards 5 size 8 Array Of Cards #cards 12 size 40 Howl #buckets 4 coarsen threshold 1843 Howl Bitmap #cards 512 size 80 coarsen threshold 460 Card regions per heap region 1 cards per card region 2048
 CPUs: 8 total, 8 available
 Memory: 8095M
 Large Page Support: Disabled
 NUMA Support: Disabled
 Compressed Oops: Enabled (32-bit)
 Heap Region Size: 1M
 Heap Min Capacity: 8M
 Heap Initial Capacity: 128M
 Heap Max Capacity: 2024M
 Pre-touch: Disabled
 Parallel Workers: 8
 Concurrent Workers: 2
 Concurrent Refinement Workers: 8
 Periodic GC: Disabled
Heap:
 garbage-first heap   total 58368K, used 25441K [0x0000000081800000, 0x0000000100000000)
  region size 1024K, 5 young (5120K), 1 survivors (1024K)
 Metaspace       used 48135K, committed 48960K, reserved 1114112K
  class space    used 5730K, committed 6080K, reserved 1048576K
GC Heap History (20 events):
Event: 4629.301 GC heap before
{Heap before GC invocations=15 (full 0):
 garbage-first heap   total 58368K, used 51007K [0x0000000081800000, 0x0000000100000000)
  region size 1024K, 26 young (26624K), 1 survivors (1024K)
 Metaspace       used 48101K, committed 48832K, reserved 1114112K
  class space    used 5739K, committed 6080K, reserved 1048576K
}
Event: 4629.319 GC heap after
{Heap after GC invocations=16 (full 0):
 garbage-first heap   total 58368K, used 23397K [0x0000000081800000, 0x0000000100000000)
  region size 1024K, 1 young (1024K), 1 survivors (1024K)
 Metaspace       used 48101K, committed 48832K, reserved 1114112K
  class space    used 5739K, committed 6080K, reserved 1048576K
}
Event: 4633.090 GC heap before
{Heap before GC invocations=16 (full 0):
 garbage-first heap   total 58368K, used 52069K [0x0000000081800000, 0x0000000100000000)
  region size 1024K, 29 young (29696K), 1 survivors (1024K)
 Metaspace       used 48143K, committed 48896K, reserved 1114112K
  class space    used 5739K, committed 6080K, reserved 1048576K
}
Event: 4633.095 GC heap after
{Heap after GC invocations=17 (full 0):
 garbage-first heap   total 58368K, used 23404K [0x0000000081800000, 0x0000000100000000)
  region size 1024K, 1 young (1024K), 1 survivors (1024K)
 Metaspace       used 48143K, committed 48896K, reserved 1114112K
  class space    used 5739K, committed 6080K, reserved 1048576K
}
Event: 4637.498 GC heap before
{Heap before GC invocations=17 (full 0):
 garbage-first heap   total 58368K, used 52076K [0x0000000081800000, 0x0000000100000000)
  region size 1024K, 29 young (29696K), 1 survivors (1024K)
 Metaspace       used 48147K, committed 48896K, reserved 1114112K
  class space    used 5739K, committed 6080K, reserved 1048576K
}
Event: 4637.500 GC heap after
{Heap after GC invocations=18 (full 0):
 garbage-first heap   total 58368K, used 23406K [0x0000000081800000, 0x0000000100000000)
  region size 1024K, 1 young (1024K), 1 survivors (1024K)
 Metaspace       used 48147K, committed 48896K, reserved 1114112K
  class space    used 5739K, committed 6080K, reserved 1048576K
}
Event: 4863.015 GC heap before
{Heap before GC invocations=19 (full 0):
 garbage-first heap   total 58368K, used 52078K [0x0000000081800000, 0x0000000100000000)
  region size 1024K, 29 young (29696K), 1 survivors (1024K)
 Metaspace       used 48115K, committed 48896K, reserved 1114112K
  class space    used 5728K, committed 6080K, reserved 1048576K
}
Event: 4863.027 GC heap after
{Heap after GC invocations=20 (full 0):
 garbage-first heap   total 58368K, used 23666K [0x0000000081800000, 0x0000000100000000)
  region size 1024K, 1 young (1024K), 1 survivors (1024K)
 Metaspace       used 48115K, committed 48896K, reserved 1114112K
  class space    used 5728K, committed 6080K, reserved 1048576K
}
Event: 4866.573 GC heap before
{Heap before GC invocations=20 (full 0):
 garbage-first heap   total 58368K, used 52338K [0x0000000081800000, 0x0000000100000000)
  region size 1024K, 29 young (29696K), 1 survivors (1024K)
 Metaspace       used 48115K, committed 48896K, reserved 1114112K
  class space    used 5728K, committed 6080K, reserved 1048576K
}
Event: 4866.583 GC heap after
{Heap after GC invocations=21 (full 0):
 garbage-first heap   total 58368K, used 22845K [0x0000000081800000, 0x0000000100000000)
  region size 1024K, 1 young (1024K), 1 survivors (1024K)
 Metaspace       used 48115K, committed 48896K, reserved 1114112K
  class space    used 5728K, committed 6080K, reserved 1048576K
}
Event: 4870.327 GC heap before
{Heap before GC invocations=21 (full 0):
 garbage-first heap   total 58368K, used 52541K [0x0000000081800000, 0x0000000100000000)
  region size 1024K, 30 young (30720K), 1 survivors (1024K)
 Metaspace       used 48119K, committed 48960K, reserved 1114112K
  class space    used 5728K, committed 6080K, reserved 1048576K
}
Event: 4870.331 GC heap after
{Heap after GC invocations=22 (full 0):
 garbage-first heap   total 58368K, used 22861K [0x0000000081800000, 0x0000000100000000)
  region size 1024K, 1 young (1024K), 1 survivors (1024K)
 Metaspace       used 48119K, committed 48960K, reserved 1114112K
  class space    used 5728K, committed 6080K, reserved 1048576K
}
Event: 4873.617 GC heap before
{Heap before GC invocations=23 (full 0):
 garbage-first heap   total 58368K, used 52557K [0x0000000081800000, 0x0000000100000000)
  region size 1024K, 30 young (30720K), 1 survivors (1024K)
 Metaspace       used 48130K, committed 48960K, reserved 1114112K
  class space    used 5730K, committed 6080K, reserved 1048576K
}
Event: 4873.619 GC heap after
{Heap after GC invocations=24 (full 0):
 garbage-first heap   total 58368K, used 22876K [0x0000000081800000, 0x0000000100000000)
  region size 1024K, 1 young (1024K), 1 survivors (1024K)
 Metaspace       used 48130K, committed 48960K, reserved 1114112K
  class space    used 5730K, committed 6080K, reserved 1048576K
}
Event: 4876.784 GC heap before
{Heap before GC invocations=24 (full 0):
 garbage-first heap   total 58368K, used 52572K [0x0000000081800000, 0x0000000100000000)
  region size 1024K, 30 young (30720K), 1 survivors (1024K)
 Metaspace       used 48131K, committed 48960K, reserved 1114112K
  class space    used 5730K, committed 6080K, reserved 1048576K
}
Event: 4876.789 GC heap after
{Heap after GC invocations=25 (full 0):
 garbage-first heap   total 58368K, used 22357K [0x0000000081800000, 0x0000000100000000)
  region size 1024K, 1 young (1024K), 1 survivors (1024K)
 Metaspace       used 48131K, committed 48960K, reserved 1114112K
  class space    used 5730K, committed 6080K, reserved 1048576K
}
Event: 4880.427 GC heap before
{Heap before GC invocations=25 (full 0):
 garbage-first heap   total 58368K, used 52053K [0x0000000081800000, 0x0000000100000000)
  region size 1024K, 30 young (30720K), 1 survivors (1024K)
 Metaspace       used 48133K, committed 48960K, reserved 1114112K
  class space    used 5730K, committed 6080K, reserved 1048576K
}
Event: 4880.429 GC heap after
{Heap after GC invocations=26 (full 0):
 garbage-first heap   total 58368K, used 22375K [0x0000000081800000, 0x0000000100000000)
  region size 1024K, 1 young (1024K), 1 survivors (1024K)
 Metaspace       used 48133K, committed 48960K, reserved 1114112K
  class space    used 5730K, committed 6080K, reserved 1048576K
}
Event: 4883.886 GC heap before
{Heap before GC invocations=27 (full 0):
 garbage-first heap   total 58368K, used 52071K [0x0000000081800000, 0x0000000100000000)
  region size 1024K, 30 young (30720K), 1 survivors (1024K)
 Metaspace       used 48135K, committed 48960K, reserved 1114112K
  class space    used 5730K, committed 6080K, reserved 1048576K
}
Event: 4883.890 GC heap after
{Heap after GC invocations=28 (full 0):
 garbage-first heap   total 58368K, used 22369K [0x0000000081800000, 0x0000000100000000)
  region size 1024K, 1 young (1024K), 1 survivors (1024K)
 Metaspace       used 48135K, committed 48960K, reserved 1114112K
  class space    used 5730K, committed 6080K, reserved 1048576K
}

